#
# A fatal error has been detected by the Java Runtime Environment:
#
#  EXCEPTION_ACCESS_VIOLATION (0xc0000005) at pc=0x00007ffb9f8ebc96, pid=12256, tid=876
#
# JRE version: Java(TM) SE Runtime Environment (18.0.2+9) (build 18.0.2+9-61)
# Java VM: Java HotSpot(TM) 64-Bit Server VM (18.0.2+9-61, mixed mode, sharing, tiered, compressed oops, compressed class ptrs, g1 gc, windows-amd64)
# Problematic frame:
# V  [jvm.dll+0x32bc96]
#
# No core dump will be written. Minidumps are not enabled by default on client versions of Windows
#
# If you would like to submit a bug report, please visit:
#   https://bugreport.java.com/bugreport/crash.jsp
#

---------------  S U M M A R Y ------------

Command Line: C:\Users\CnC-pc\AppData\Local\Temp\surefire1764473033571348255\surefirebooter8245265819825788561.jar C:\Users\CnC-pc\AppData\Local\Temp\surefire1764473033571348255 2022-08-31T06-09-44_929-jvmRun1 surefire17065618962521835448tmp surefire_013243152424897653962tmp

Host: AMD Phenom(tm) II X4 830 Processor, 4 cores, 9G,  Windows 10 , 64 bit Build 19041 (10.0.19041.1889)
Time: Wed Aug 31 06:09:45 2022 Pacific Daylight Time elapsed time: 0.644596 seconds (0d 0h 0m 0s)

---------------  T H R E A D  ---------------

Current thread (0x000001372328f670):  ConcurrentGCThread "G1 Refine#0" [stack: 0x0000002922700000,0x0000002922800000] [id=876]

Stack: [0x0000002922700000,0x0000002922800000],  sp=0x00000029227ffad0,  free space=1022k
Native frames: (J=compiled Java code, j=interpreted, Vv=VM code, C=native code)
V  [jvm.dll+0x32bc96]
V  [jvm.dll+0x330851]
V  [jvm.dll+0x332e53]
V  [jvm.dll+0x30bc40]
V  [jvm.dll+0x30bd22]
V  [jvm.dll+0x30bdf1]
V  [jvm.dll+0x30ac7f]
V  [jvm.dll+0x25107e]
V  [jvm.dll+0x7a125a]
V  [jvm.dll+0x698275]
C  [ucrtbase.dll+0x21bb2]
C  [KERNEL32.DLL+0x17034]
C  [ntdll.dll+0x52651]


siginfo: EXCEPTION_ACCESS_VIOLATION (0xc0000005), reading address 0x000000000000003f


Register to memory mapping:

RIP=0x00007ffb9f8ebc96 jvm.dll
RAX=0x0000013723217b80 points into unknown readable memory: 0x0000000000000000 | 00 00 00 00 00 00 00 00
RBX=0x00000007643ec22c is pointing into object: java.lang.String 
{0x00000007643ec218} - klass: 'java/lang/String'

[error occurred during error reporting (printing register info), id 0xc0000005, EXCEPTION_ACCESS_VIOLATION (0xc0000005) at pc=0x00007ffb9f954a0a]

Registers:
RAX=0x0000013723217b80, RBX=0x00000007643ec22c, RCX=0xffffffffffffffff, RDX=0x0000000000003b00
RSP=0x00000029227ffad0, RBP=0x00000029227ffbb0, RSI=0x00000008000088b8, RDI=0x00000007643ec230
R8 =0x0000000800008638, R9 =0x0000000000000014, R10=0x0000000000000050, R11=0x0000000000000004
R12=0x00000007643ec400, R13=0x0000013723252a60, R14=0x00000008000088c0, R15=0x00000007643ec218
RIP=0x00007ffb9f8ebc96, EFLAGS=0x0000000000010216

Top of Stack: (sp=0x00000029227ffad0)
0x00000029227ffad0:   0000013723276290 00007ffb9f8b916e
0x00000029227ffae0:   0000000000000000 00007ffb00000001
0x00000029227ffaf0:   00000007643ec218 0000013723276270
0x00000029227ffb00:   00000007643ec218 00007ffb9f8f0851
0x00000029227ffb10:   00000007643ec230 0000013723214400
0x00000029227ffb20:   0000013723290f00 0000013723214410
0x00000029227ffb30:   00000007643ec600 0000000000000040
0x00000029227ffb40:   0000000000000000 0000000000000000
0x00000029227ffb50:   0000000000000000 0000013746715601
0x00000029227ffb60:   0000013723290fa0 00000029227ffc50
0x00000029227ffb70:   000001373a021f61 00007ffb9f8f2e53
0x00000029227ffb80:   00000007643ec200 00000029227ffba0
0x00000029227ffb90:   00000029227ffbb0 00000007643ec200
0x00000029227ffba0:   00000007643ec200 0000000000000040
0x00000029227ffbb0:   00007ffb9fee5ce0 0000000000000000
0x00000029227ffbc0:   0000013723214410 0000013700000004 

Instructions: (pc=0x00007ffb9f8ebc96)
0x00007ffb9f8ebb96:   89 74 24 48 66 0f 1f 44 00 00 48 63 1f 8b 47 04
0x00007ffb9f8ebba6:   49 03 df 48 8d 34 c3 48 3b de 73 14 48 8b d3 48
0x00007ffb9f8ebbb6:   8b cd e8 93 eb ff ff 48 83 c3 08 48 3b de 72 ec
0x00007ffb9f8ebbc6:   48 83 c7 08 49 3b fe 72 d1 48 8b 74 24 48 48 8b
0x00007ffb9f8ebbd6:   5c 24 40 48 8b 6c 24 50 48 83 c4 20 41 5f 41 5e
0x00007ffb9f8ebbe6:   5f c3 cc cc cc cc cc cc cc cc 48 89 6c 24 18 56
0x00007ffb9f8ebbf6:   41 56 41 57 48 83 ec 20 4d 63 90 a0 00 00 00 4c
0x00007ffb9f8ebc06:   8b fa 4d 63 88 14 01 00 00 49 83 c2 37 41 8b 80
0x00007ffb9f8ebc16:   10 01 00 00 4d 03 d1 49 03 c2 48 8b e9 4b 8d 34
0x00007ffb9f8ebc26:   d0 4d 8d 34 c0 49 3b f6 0f 83 9b 00 00 00 48 89
0x00007ffb9f8ebc36:   5c 24 40 48 89 7c 24 48 66 90 48 63 1e 8b 46 04
0x00007ffb9f8ebc46:   49 03 df 48 8d 3c 83 48 3b df 73 66 8b 03 85 c0
0x00007ffb9f8ebc56:   74 57 8b 0d 32 3d 79 00 8b d0 48 d3 e2 48 03 15
0x00007ffb9f8ebc66:   1e 3d 79 00 8b 0d d0 88 80 00 48 8b c2 48 33 c3
0x00007ffb9f8ebc76:   48 d3 e8 48 85 c0 74 31 48 8b 45 10 8b 88 48 02
0x00007ffb9f8ebc86:   00 00 48 8b 80 38 02 00 00 48 d3 ea 48 8b 0c d0
0x00007ffb9f8ebc96:   48 8b 49 40 83 b9 98 00 00 00 00 74 0c 44 8b 45
0x00007ffb9f8ebca6:   18 48 8b d3 e8 31 52 00 00 48 83 c3 04 48 3b df
0x00007ffb9f8ebcb6:   72 9a 48 83 c6 08 49 3b f6 0f 82 7b ff ff ff 48
0x00007ffb9f8ebcc6:   8b 7c 24 48 48 8b 5c 24 40 48 8b 6c 24 50 48 83
0x00007ffb9f8ebcd6:   c4 20 41 5f 41 5e 5e c3 cc cc 48 89 6c 24 18 56
0x00007ffb9f8ebce6:   41 56 41 57 48 83 ec 20 4d 63 90 a0 00 00 00 4c
0x00007ffb9f8ebcf6:   8b fa 4d 63 88 14 01 00 00 49 83 c2 37 41 8b 80
0x00007ffb9f8ebd06:   10 01 00 00 4d 03 d1 49 03 c2 48 8b e9 4b 8d 34
0x00007ffb9f8ebd16:   d0 4d 8d 34 c0 49 3b f6 0f 83 90 00 00 00 48 89
0x00007ffb9f8ebd26:   5c 24 40 48 89 7c 24 48 66 90 48 63 1e 8b 46 04
0x00007ffb9f8ebd36:   49 03 df 48 8d 3c 83 48 3b df 73 5f 8b 03 85 c0
0x00007ffb9f8ebd46:   74 50 8b 0d 42 3c 79 00 8b d0 48 d3 e2 48 03 15
0x00007ffb9f8ebd56:   2e 3c 79 00 74 3c 8b 0d de 87 80 00 48 8b c2 48
0x00007ffb9f8ebd66:   33 c3 48 d3 e8 48 85 c0 74 28 48 8b 45 10 44 8b
0x00007ffb9f8ebd76:   45 18 8b 88 48 02 00 00 48 8b 80 38 02 00 00 48
0x00007ffb9f8ebd86:   d3 ea 48 8b 0c d0 48 8b d3 48 8b 49 40 e8 48 51 


Stack slot to memory mapping:
stack at sp + 0 slots: 0x0000013723276290 points into unknown readable memory: 0x0000000764400000 | 00 00 40 64 07 00 00 00
stack at sp + 1 slots: 0x00007ffb9f8b916e jvm.dll
stack at sp + 2 slots: 0x0 is NULL
stack at sp + 3 slots: 0x00007ffb00000001 is an unknown value
stack at sp + 4 slots: 0x00000007643ec218 is an oop: java.lang.String 
{0x00000007643ec218} - klass: 'java/lang/String'

[error occurred during error reporting (inspecting top of stack), id 0xc0000005, EXCEPTION_ACCESS_VIOLATION (0xc0000005) at pc=0x00007ffb9f954a0a]


---------------  P R O C E S S  ---------------

Threads class SMR info:
_java_thread_list=0x00000137461fbca0, length=15, elements={
0x0000013723200260, 0x00000137232ba330, 0x00000137232bb120, 0x0000013741c2efe0,
0x0000013741c2f4a0, 0x0000013741c30d60, 0x0000013741c32180, 0x0000013741c37b60,
0x0000013741c64590, 0x0000013741c38060, 0x000001374607d2a0, 0x0000013746086fd0,
0x00000137460cf5b0, 0x0000013746281160, 0x00000137461fc400
}

Java Threads: ( => current thread )
  0x0000013723200260 JavaThread "main" [_thread_in_vm, id=7156, stack(0x0000002922300000,0x0000002922400000)]
  0x00000137232ba330 JavaThread "Reference Handler" daemon [_thread_blocked, id=11484, stack(0x0000002922a00000,0x0000002922b00000)]
  0x00000137232bb120 JavaThread "Finalizer" daemon [_thread_blocked, id=5032, stack(0x0000002922b00000,0x0000002922c00000)]
  0x0000013741c2efe0 JavaThread "Signal Dispatcher" daemon [_thread_blocked, id=11348, stack(0x0000002922c00000,0x0000002922d00000)]
  0x0000013741c2f4a0 JavaThread "Attach Listener" daemon [_thread_blocked, id=1148, stack(0x0000002922d00000,0x0000002922e00000)]
  0x0000013741c30d60 JavaThread "Service Thread" daemon [_thread_blocked, id=6708, stack(0x0000002922e00000,0x0000002922f00000)]
  0x0000013741c32180 JavaThread "Monitor Deflation Thread" daemon [_thread_blocked, id=5468, stack(0x0000002922f00000,0x0000002923000000)]
  0x0000013741c37b60 JavaThread "C2 CompilerThread0" daemon [_thread_blocked, id=11480, stack(0x0000002923000000,0x0000002923100000)]
  0x0000013741c64590 JavaThread "C1 CompilerThread0" daemon [_thread_blocked, id=4752, stack(0x0000002923100000,0x0000002923200000)]
  0x0000013741c38060 JavaThread "Sweeper thread" daemon [_thread_blocked, id=8800, stack(0x0000002923200000,0x0000002923300000)]
  0x000001374607d2a0 JavaThread "Notification Thread" daemon [_thread_blocked, id=12144, stack(0x0000002923300000,0x0000002923400000)]
  0x0000013746086fd0 JavaThread "Common-Cleaner" daemon [_thread_blocked, id=2332, stack(0x0000002923500000,0x0000002923600000)]
  0x00000137460cf5b0 JavaThread "surefire-forkedjvm-command-thread" daemon [_thread_in_native, id=11768, stack(0x0000002923600000,0x0000002923700000)]
  0x0000013746281160 JavaThread "C2 CompilerThread1" daemon [_thread_blocked, id=8480, stack(0x0000002923700000,0x0000002923800000)]
  0x00000137461fc400 JavaThread "surefire-forkedjvm-ping-30s" daemon [_thread_in_Java, id=11028, stack(0x0000002923800000,0x0000002923900000)]

Other Threads:
  0x0000013723266800 VMThread "VM Thread" [stack: 0x0000002922900000,0x0000002922a00000] [id=3344]
  0x0000013746086bb0 WatcherThread "VM Periodic Task Thread" [stack: 0x0000002923400000,0x0000002923500000] [id=4608]
  0x0000013723252550 WorkerThread "GC Thread#0" [stack: 0x0000002922400000,0x0000002922500000] [id=8584]
  0x00000137463431e0 WorkerThread "GC Thread#1" [stack: 0x0000002923900000,0x0000002923a00000] [id=11584]
  0x000001374667e020 WorkerThread "GC Thread#2" [stack: 0x0000002923a00000,0x0000002923b00000] [id=584]
  0x0000013746325f50 WorkerThread "GC Thread#3" [stack: 0x0000002923b00000,0x0000002923c00000] [id=6120]
  0x000001372325cf90 ConcurrentGCThread "G1 Main Marker" [stack: 0x0000002922500000,0x0000002922600000] [id=2264]
  0x000001372325f040 WorkerThread "G1 Conc#0" [stack: 0x0000002922600000,0x0000002922700000] [id=11884]
=>0x000001372328f670 ConcurrentGCThread "G1 Refine#0" [stack: 0x0000002922700000,0x0000002922800000] [id=876]
  0x00000137466f5e30 ConcurrentGCThread "G1 Refine#1" [stack: 0x0000002923c00000,0x0000002923d00000] [id=4256]
  0x0000013723291ea0 ConcurrentGCThread "G1 Service" [stack: 0x0000002922800000,0x0000002922900000] [id=3364]

Threads with active compile tasks:

VM state: not at safepoint (normal execution)

VM Mutex/Monitor currently owned by a thread: None

Heap address: 0x0000000764000000, size: 2496 MB, Compressed Oops mode: Zero based, Oop shift amount: 3

CDS archive(s) mapped at: [0x0000000800000000-0x0000000800ba0000-0x0000000800ba0000), size 12189696, SharedBaseAddress: 0x0000000800000000, ArchiveRelocationMode: 0.
Compressed class space mapped at: 0x0000000800c00000-0x0000000840c00000, reserved size: 1073741824
Narrow klass base: 0x0000000800000000, Narrow klass shift: 0, Narrow klass range: 0x100000000

GC Precious Log:
 CardTable entry size: 512
 Card Set container configuration: InlinePtr #cards 4 size 8 Array Of Cards #cards 16 size 48 Howl #buckets 8 coarsen threshold 3686 Howl Bitmap #cards 512 size 80 coarsen threshold 460 Card regions per heap region 1 cards per card region 4096
 CPUs: 4 total, 4 available
 Memory: 9983M
 Large Page Support: Disabled
 NUMA Support: Disabled
 Compressed Oops: Enabled (Zero based)
 Heap Region Size: 2M
 Heap Min Capacity: 8M
 Heap Initial Capacity: 156M
 Heap Max Capacity: 2496M
 Pre-touch: Disabled
 Parallel Workers: 4
 Concurrent Workers: 1
 Concurrent Refinement Workers: 4
 Periodic GC: Disabled

Heap:
 garbage-first heap   total 159744K, used 6406K [0x0000000764000000, 0x0000000800000000)
  region size 2048K, 2 young (4096K), 1 survivors (2048K)
 Metaspace       used 2956K, committed 3072K, reserved 1114112K
  class space    used 288K, committed 384K, reserved 1048576K

Heap Regions: E=young(eden), S=young(survivor), O=old, HS=humongous(starts), HC=humongous(continues), CS=collection set, F=free, OA=open archive, CA=closed archive, TAMS=top-at-mark-start (previous, next)
|   0|0x0000000764000000, 0x0000000764200000, 0x0000000764200000|100%| O|  |TAMS 0x0000000764000000, 0x0000000764000000| Untracked 
|   1|0x0000000764200000, 0x0000000764400000, 0x0000000764400000|100%| O|  |TAMS 0x0000000764200000, 0x0000000764200000| Untracked 
|   2|0x0000000764400000, 0x0000000764441800, 0x0000000764600000| 12%| O|  |TAMS 0x0000000764400000, 0x0000000764400000| Untracked 
|   3|0x0000000764600000, 0x0000000764600000, 0x0000000764800000|  0%| F|  |TAMS 0x0000000764600000, 0x0000000764600000| Untracked 
|   4|0x0000000764800000, 0x0000000764800000, 0x0000000764a00000|  0%| F|  |TAMS 0x0000000764800000, 0x0000000764800000| Untracked 
|   5|0x0000000764a00000, 0x0000000764a00000, 0x0000000764c00000|  0%| F|  |TAMS 0x0000000764a00000, 0x0000000764a00000| Untracked 
|   6|0x0000000764c00000, 0x0000000764c00000, 0x0000000764e00000|  0%| F|  |TAMS 0x0000000764c00000, 0x0000000764c00000| Untracked 
|   7|0x0000000764e00000, 0x0000000764e00000, 0x0000000765000000|  0%| F|  |TAMS 0x0000000764e00000, 0x0000000764e00000| Untracked 
|   8|0x0000000765000000, 0x0000000765000000, 0x0000000765200000|  0%| F|  |TAMS 0x0000000765000000, 0x0000000765000000| Untracked 
|   9|0x0000000765200000, 0x0000000765200000, 0x0000000765400000|  0%| F|  |TAMS 0x0000000765200000, 0x0000000765200000| Untracked 
|  10|0x0000000765400000, 0x0000000765400000, 0x0000000765600000|  0%| F|  |TAMS 0x0000000765400000, 0x0000000765400000| Untracked 
|  11|0x0000000765600000, 0x0000000765600000, 0x0000000765800000|  0%| F|  |TAMS 0x0000000765600000, 0x0000000765600000| Untracked 
|  12|0x0000000765800000, 0x0000000765800000, 0x0000000765a00000|  0%| F|  |TAMS 0x0000000765800000, 0x0000000765800000| Untracked 
|  13|0x0000000765a00000, 0x0000000765a00000, 0x0000000765c00000|  0%| F|  |TAMS 0x0000000765a00000, 0x0000000765a00000| Untracked 
|  14|0x0000000765c00000, 0x0000000765c00000, 0x0000000765e00000|  0%| F|  |TAMS 0x0000000765c00000, 0x0000000765c00000| Untracked 
|  15|0x0000000765e00000, 0x0000000765e00000, 0x0000000766000000|  0%| F|  |TAMS 0x0000000765e00000, 0x0000000765e00000| Untracked 
|  16|0x0000000766000000, 0x0000000766000000, 0x0000000766200000|  0%| F|  |TAMS 0x0000000766000000, 0x0000000766000000| Untracked 
|  17|0x0000000766200000, 0x0000000766200000, 0x0000000766400000|  0%| F|  |TAMS 0x0000000766200000, 0x0000000766200000| Untracked 
|  18|0x0000000766400000, 0x0000000766400000, 0x0000000766600000|  0%| F|  |TAMS 0x0000000766400000, 0x0000000766400000| Untracked 
|  19|0x0000000766600000, 0x0000000766600000, 0x0000000766800000|  0%| F|  |TAMS 0x0000000766600000, 0x0000000766600000| Untracked 
|  20|0x0000000766800000, 0x0000000766800000, 0x0000000766a00000|  0%| F|  |TAMS 0x0000000766800000, 0x0000000766800000| Untracked 
|  21|0x0000000766a00000, 0x0000000766a00000, 0x0000000766c00000|  0%| F|  |TAMS 0x0000000766a00000, 0x0000000766a00000| Untracked 
|  22|0x0000000766c00000, 0x0000000766c00000, 0x0000000766e00000|  0%| F|  |TAMS 0x0000000766c00000, 0x0000000766c00000| Untracked 
|  23|0x0000000766e00000, 0x0000000766e00000, 0x0000000767000000|  0%| F|  |TAMS 0x0000000766e00000, 0x0000000766e00000| Untracked 
|  24|0x0000000767000000, 0x0000000767000000, 0x0000000767200000|  0%| F|  |TAMS 0x0000000767000000, 0x0000000767000000| Untracked 
|  25|0x0000000767200000, 0x0000000767200000, 0x0000000767400000|  0%| F|  |TAMS 0x0000000767200000, 0x0000000767200000| Untracked 
|  26|0x0000000767400000, 0x0000000767400000, 0x0000000767600000|  0%| F|  |TAMS 0x0000000767400000, 0x0000000767400000| Untracked 
|  27|0x0000000767600000, 0x0000000767600000, 0x0000000767800000|  0%| F|  |TAMS 0x0000000767600000, 0x0000000767600000| Untracked 
|  28|0x0000000767800000, 0x0000000767800000, 0x0000000767a00000|  0%| F|  |TAMS 0x0000000767800000, 0x0000000767800000| Untracked 
|  29|0x0000000767a00000, 0x0000000767a00000, 0x0000000767c00000|  0%| F|  |TAMS 0x0000000767a00000, 0x0000000767a00000| Untracked 
|  30|0x0000000767c00000, 0x0000000767c00000, 0x0000000767e00000|  0%| F|  |TAMS 0x0000000767c00000, 0x0000000767c00000| Untracked 
|  31|0x0000000767e00000, 0x0000000767e00000, 0x0000000768000000|  0%| F|  |TAMS 0x0000000767e00000, 0x0000000767e00000| Untracked 
|  32|0x0000000768000000, 0x0000000768000000, 0x0000000768200000|  0%| F|  |TAMS 0x0000000768000000, 0x0000000768000000| Untracked 
|  33|0x0000000768200000, 0x0000000768200000, 0x0000000768400000|  0%| F|  |TAMS 0x0000000768200000, 0x0000000768200000| Untracked 
|  34|0x0000000768400000, 0x0000000768400000, 0x0000000768600000|  0%| F|  |TAMS 0x0000000768400000, 0x0000000768400000| Untracked 
|  35|0x0000000768600000, 0x0000000768600000, 0x0000000768800000|  0%| F|  |TAMS 0x0000000768600000, 0x0000000768600000| Untracked 
|  36|0x0000000768800000, 0x0000000768800000, 0x0000000768a00000|  0%| F|  |TAMS 0x0000000768800000, 0x0000000768800000| Untracked 
|  37|0x0000000768a00000, 0x0000000768a00000, 0x0000000768c00000|  0%| F|  |TAMS 0x0000000768a00000, 0x0000000768a00000| Untracked 
|  38|0x0000000768c00000, 0x0000000768c00000, 0x0000000768e00000|  0%| F|  |TAMS 0x0000000768c00000, 0x0000000768c00000| Untracked 
|  39|0x0000000768e00000, 0x0000000768e00000, 0x0000000769000000|  0%| F|  |TAMS 0x0000000768e00000, 0x0000000768e00000| Untracked 
|  40|0x0000000769000000, 0x0000000769000000, 0x0000000769200000|  0%| F|  |TAMS 0x0000000769000000, 0x0000000769000000| Untracked 
|  41|0x0000000769200000, 0x0000000769200000, 0x0000000769400000|  0%| F|  |TAMS 0x0000000769200000, 0x0000000769200000| Untracked 
|  42|0x0000000769400000, 0x0000000769400000, 0x0000000769600000|  0%| F|  |TAMS 0x0000000769400000, 0x0000000769400000| Untracked 
|  43|0x0000000769600000, 0x0000000769600000, 0x0000000769800000|  0%| F|  |TAMS 0x0000000769600000, 0x0000000769600000| Untracked 
|  44|0x0000000769800000, 0x0000000769800000, 0x0000000769a00000|  0%| F|  |TAMS 0x0000000769800000, 0x0000000769800000| Untracked 
|  45|0x0000000769a00000, 0x0000000769a00000, 0x0000000769c00000|  0%| F|  |TAMS 0x0000000769a00000, 0x0000000769a00000| Untracked 
|  46|0x0000000769c00000, 0x0000000769c00000, 0x0000000769e00000|  0%| F|  |TAMS 0x0000000769c00000, 0x0000000769c00000| Untracked 
|  47|0x0000000769e00000, 0x0000000769e00000, 0x000000076a000000|  0%| F|  |TAMS 0x0000000769e00000, 0x0000000769e00000| Untracked 
|  48|0x000000076a000000, 0x000000076a000000, 0x000000076a200000|  0%| F|  |TAMS 0x000000076a000000, 0x000000076a000000| Untracked 
|  49|0x000000076a200000, 0x000000076a200000, 0x000000076a400000|  0%| F|  |TAMS 0x000000076a200000, 0x000000076a200000| Untracked 
|  50|0x000000076a400000, 0x000000076a400000, 0x000000076a600000|  0%| F|  |TAMS 0x000000076a400000, 0x000000076a400000| Untracked 
|  51|0x000000076a600000, 0x000000076a600000, 0x000000076a800000|  0%| F|  |TAMS 0x000000076a600000, 0x000000076a600000| Untracked 
|  52|0x000000076a800000, 0x000000076a800000, 0x000000076aa00000|  0%| F|  |TAMS 0x000000076a800000, 0x000000076a800000| Untracked 
|  53|0x000000076aa00000, 0x000000076aa00000, 0x000000076ac00000|  0%| F|  |TAMS 0x000000076aa00000, 0x000000076aa00000| Untracked 
|  54|0x000000076ac00000, 0x000000076ac00000, 0x000000076ae00000|  0%| F|  |TAMS 0x000000076ac00000, 0x000000076ac00000| Untracked 
|  55|0x000000076ae00000, 0x000000076ae00000, 0x000000076b000000|  0%| F|  |TAMS 0x000000076ae00000, 0x000000076ae00000| Untracked 
|  56|0x000000076b000000, 0x000000076b000000, 0x000000076b200000|  0%| F|  |TAMS 0x000000076b000000, 0x000000076b000000| Untracked 
|  57|0x000000076b200000, 0x000000076b200000, 0x000000076b400000|  0%| F|  |TAMS 0x000000076b200000, 0x000000076b200000| Untracked 
|  58|0x000000076b400000, 0x000000076b400000, 0x000000076b600000|  0%| F|  |TAMS 0x000000076b400000, 0x000000076b400000| Untracked 
|  59|0x000000076b600000, 0x000000076b600000, 0x000000076b800000|  0%| F|  |TAMS 0x000000076b600000, 0x000000076b600000| Untracked 
|  60|0x000000076b800000, 0x000000076b800000, 0x000000076ba00000|  0%| F|  |TAMS 0x000000076b800000, 0x000000076b800000| Untracked 
|  61|0x000000076ba00000, 0x000000076ba00000, 0x000000076bc00000|  0%| F|  |TAMS 0x000000076ba00000, 0x000000076ba00000| Untracked 
|  62|0x000000076bc00000, 0x000000076bc00000, 0x000000076be00000|  0%| F|  |TAMS 0x000000076bc00000, 0x000000076bc00000| Untracked 
|  63|0x000000076be00000, 0x000000076be00000, 0x000000076c000000|  0%| F|  |TAMS 0x000000076be00000, 0x000000076be00000| Untracked 
|  64|0x000000076c000000, 0x000000076c000000, 0x000000076c200000|  0%| F|  |TAMS 0x000000076c000000, 0x000000076c000000| Untracked 
|  65|0x000000076c200000, 0x000000076c200000, 0x000000076c400000|  0%| F|  |TAMS 0x000000076c200000, 0x000000076c200000| Untracked 
|  66|0x000000076c400000, 0x000000076c400000, 0x000000076c600000|  0%| F|  |TAMS 0x000000076c400000, 0x000000076c400000| Untracked 
|  67|0x000000076c600000, 0x000000076c600000, 0x000000076c800000|  0%| F|  |TAMS 0x000000076c600000, 0x000000076c600000| Untracked 
|  68|0x000000076c800000, 0x000000076c800000, 0x000000076ca00000|  0%| F|  |TAMS 0x000000076c800000, 0x000000076c800000| Untracked 
|  69|0x000000076ca00000, 0x000000076ca00000, 0x000000076cc00000|  0%| F|  |TAMS 0x000000076ca00000, 0x000000076ca00000| Untracked 
|  70|0x000000076cc00000, 0x000000076cc00000, 0x000000076ce00000|  0%| F|  |TAMS 0x000000076cc00000, 0x000000076cc00000| Untracked 
|  71|0x000000076ce00000, 0x000000076d000000, 0x000000076d000000|100%| S|CS|TAMS 0x000000076ce00000, 0x000000076ce00000| Complete 
|  72|0x000000076d000000, 0x000000076d000000, 0x000000076d200000|  0%| F|  |TAMS 0x000000076d000000, 0x000000076d000000| Untracked 
|  73|0x000000076d200000, 0x000000076d200000, 0x000000076d400000|  0%| F|  |TAMS 0x000000076d200000, 0x000000076d200000| Untracked 
|  74|0x000000076d400000, 0x000000076d400000, 0x000000076d600000|  0%| F|  |TAMS 0x000000076d400000, 0x000000076d400000| Untracked 
|  75|0x000000076d600000, 0x000000076d600000, 0x000000076d800000|  0%| F|  |TAMS 0x000000076d600000, 0x000000076d600000| Untracked 
|  76|0x000000076d800000, 0x000000076d800000, 0x000000076da00000|  0%| F|  |TAMS 0x000000076d800000, 0x000000076d800000| Untracked 
|  77|0x000000076da00000, 0x000000076dbd5a80, 0x000000076dc00000| 91%| E|  |TAMS 0x000000076da00000, 0x000000076da00000| Complete 

Card table byte_map: [0x000001373a020000,0x000001373a500000] _byte_map_base: 0x0000013736500000

Marking Bits (Prev, Next): (CMBitMap*) 0x0000013723252a60, (CMBitMap*) 0x0000013723252aa0
 Prev Bits: [0x000001373a9e0000, 0x000001373d0e0000)
 Next Bits: [0x000001373d0e0000, 0x000001373f7e0000)

Polling page: 0x0000013721000000

Metaspace:

Usage:
  Non-class:      2.62 MB used.
      Class:    291.92 KB used.
       Both:      2.90 MB used.

Virtual space:
  Non-class space:       64.00 MB reserved,       2.75 MB (  4%) committed,  1 nodes.
      Class space:        1.00 GB reserved,     384.00 KB ( <1%) committed,  1 nodes.
             Both:        1.06 GB reserved,       3.12 MB ( <1%) committed. 

Chunk freelists:
   Non-Class:  3.05 MB
       Class:  3.60 MB
        Both:  6.64 MB

MaxMetaspaceSize: unlimited
CompressedClassSpaceSize: 1.00 GB
Initial GC threshold: 21.00 MB
Current GC threshold: 21.00 MB
CDS: on
MetaspaceReclaimPolicy: balanced
 - commit_granule_bytes: 65536.
 - commit_granule_words: 8192.
 - virtual_space_node_default_size: 8388608.
 - enlarge_chunks_in_place: 1.
 - new_chunks_are_fully_committed: 0.
 - uncommit_free_chunks: 1.
 - use_allocation_guard: 0.


Internal statistics:

num_allocs_failed_limit: 0.
num_arena_births: 44.
num_arena_deaths: 0.
num_vsnodes_births: 2.
num_vsnodes_deaths: 0.
num_space_committed: 50.
num_space_uncommitted: 0.
num_chunks_returned_to_freelist: 0.
num_chunks_taken_from_freelist: 120.
num_chunk_merges: 0.
num_chunk_splits: 64.
num_chunks_enlarged: 42.
num_inconsistent_stats: 0.

CodeHeap 'non-profiled nmethods': size=120000Kb used=253Kb max_used=253Kb free=119746Kb
 bounds [0x0000013732610000, 0x0000013732880000, 0x0000013739b40000]
CodeHeap 'profiled nmethods': size=120000Kb used=1372Kb max_used=1372Kb free=118627Kb
 bounds [0x000001372b0e0000, 0x000001372b350000, 0x0000013732610000]
CodeHeap 'non-nmethods': size=5760Kb used=1156Kb max_used=1181Kb free=4603Kb
 bounds [0x000001372ab40000, 0x000001372adb0000, 0x000001372b0e0000]
 total_blobs=1236 nmethods=800 adapters=350
 compilation: enabled
              stopped_count=0, restarted_count=0
 full_count=0

Compilation events (20 events):
Event: 0.542 Thread 0x0000013741c64590  695       3       java.lang.ClassLoader::loadClass (7 bytes)
Event: 0.542 Thread 0x0000013741c64590 nmethod 695 0x000001372b200a90 code [0x000001372b200c40, 0x000001372b200e08]
Event: 0.542 Thread 0x0000013741c64590  696       3       jdk.internal.loader.BuiltinClassLoader::loadClass (22 bytes)
Event: 0.542 Thread 0x0000013741c64590 nmethod 696 0x000001372b200e90 code [0x000001372b201040, 0x000001372b201338]
Event: 0.542 Thread 0x0000013741c64590  697       3       jdk.internal.loader.ClassLoaders$BootClassLoader::loadClassOrNull (10 bytes)
Event: 0.542 Thread 0x0000013741c64590 nmethod 697 0x000001372b201490 code [0x000001372b201660, 0x000001372b2018f8]
Event: 0.543 Thread 0x0000013741c37b60  698   !   4       java.util.zip.ZipFile$Source::getEntryPos (195 bytes)
Event: 0.543 Thread 0x0000013741c64590  699       3       java.util.Collections$SetFromMap::add (22 bytes)
Event: 0.543 Thread 0x0000013741c64590 nmethod 699 0x000001372b201a10 code [0x000001372b201bc0, 0x000001372b201e08]
Event: 0.543 Thread 0x0000013741c64590  700       3       java.nio.Buffer::hasRemaining (17 bytes)
Event: 0.543 Thread 0x0000013741c64590 nmethod 700 0x000001372b201f10 code [0x000001372b2020a0, 0x000001372b202218]
Event: 0.544 Thread 0x0000013741c64590  701       1       jdk.internal.org.objectweb.asm.SymbolTable::getMajorVersion (5 bytes)
Event: 0.544 Thread 0x0000013741c64590 nmethod 701 0x0000013732642190 code [0x0000013732642320, 0x00000137326423f8]
Event: 0.546 Thread 0x0000013741c64590  704       3       java.lang.invoke.MethodType::basicType (8 bytes)
Event: 0.547 Thread 0x0000013741c64590 nmethod 704 0x000001372b202290 code [0x000001372b202420, 0x000001372b202558]
Event: 0.559 Thread 0x0000013746281160 nmethod 694 0x0000013732642790 code [0x0000013732642920, 0x0000013732642c28]
Event: 0.559 Thread 0x0000013746281160  703       4       jdk.internal.org.objectweb.asm.ByteVector::putUTF8 (144 bytes)
Event: 0.560 Thread 0x0000013741c64590  705       3       jdk.internal.org.objectweb.asm.MethodWriter::visitVarInsn (302 bytes)
Event: 0.561 Thread 0x0000013741c64590 nmethod 705 0x000001372b202610 code [0x000001372b202860, 0x000001372b203208]
Event: 0.561 Thread 0x0000013741c64590  706       3       java.util.ImmutableCollections$Set12::iterator (9 bytes)

GC Heap History (2 events):
Event: 0.548 GC heap before
{Heap before GC invocations=0 (full 0):
 garbage-first heap   total 159744K, used 10240K [0x0000000764000000, 0x0000000800000000)
  region size 2048K, 6 young (12288K), 0 survivors (0K)
 Metaspace       used 2475K, committed 2624K, reserved 1114112K
  class space    used 234K, committed 320K, reserved 1048576K
}
Event: 0.559 GC heap after
{Heap after GC invocations=1 (full 0):
 garbage-first heap   total 159744K, used 6406K [0x0000000764000000, 0x0000000800000000)
  region size 2048K, 1 young (2048K), 1 survivors (2048K)
 Metaspace       used 2475K, committed 2624K, reserved 1114112K
  class space    used 234K, committed 320K, reserved 1048576K
}

Deoptimization events (20 events):
Event: 0.232 Thread 0x0000013723200260 DEOPT PACKING pc=0x0000013732617d6c sp=0x00000029223fe470
Event: 0.232 Thread 0x0000013723200260 DEOPT UNPACKING pc=0x000001372ab9239d sp=0x00000029223fe3e0 mode 2
Event: 0.257 Thread 0x0000013723200260 Uncommon trap: trap_request=0xffffff45 fr.pc=0x0000013732622c98 relative=0x00000000000001d8
Event: 0.257 Thread 0x0000013723200260 Uncommon trap: reason=unstable_if action=reinterpret pc=0x0000013732622c98 method=java.util.StringTokenizer.scanToken(I)I @ 42 c2
Event: 0.257 Thread 0x0000013723200260 DEOPT PACKING pc=0x0000013732622c98 sp=0x00000029223fe490
Event: 0.257 Thread 0x0000013723200260 DEOPT UNPACKING pc=0x000001372ab9239d sp=0x00000029223fe430 mode 2
Event: 0.295 Thread 0x0000013723200260 DEOPT PACKING pc=0x000001372b10228c sp=0x00000029223fdf20
Event: 0.295 Thread 0x0000013723200260 DEOPT UNPACKING pc=0x000001372ab92b24 sp=0x00000029223fd3b0 mode 0
Event: 0.295 Thread 0x0000013723200260 DEOPT PACKING pc=0x000001372b10228c sp=0x00000029223fdf20
Event: 0.295 Thread 0x0000013723200260 DEOPT UNPACKING pc=0x000001372ab92b24 sp=0x00000029223fd3b0 mode 0
Event: 0.295 Thread 0x0000013723200260 DEOPT PACKING pc=0x000001372b10228c sp=0x00000029223fdf20
Event: 0.295 Thread 0x0000013723200260 DEOPT UNPACKING pc=0x000001372ab92b24 sp=0x00000029223fd3b0 mode 0
Event: 0.298 Thread 0x0000013723200260 DEOPT PACKING pc=0x000001372b10228c sp=0x00000029223fdf20
Event: 0.298 Thread 0x0000013723200260 DEOPT UNPACKING pc=0x000001372ab92b24 sp=0x00000029223fd3b0 mode 0
Event: 0.480 Thread 0x0000013723200260 Uncommon trap: trap_request=0xffffff45 fr.pc=0x00000137326343e4 relative=0x0000000000000064
Event: 0.480 Thread 0x0000013723200260 Uncommon trap: reason=unstable_if action=reinterpret pc=0x00000137326343e4 method=java.io.WinNTFileSystem.isSlash(C)Z @ 9 c2
Event: 0.480 Thread 0x0000013723200260 DEOPT PACKING pc=0x00000137326343e4 sp=0x00000029223fe0e0
Event: 0.481 Thread 0x0000013723200260 DEOPT UNPACKING pc=0x000001372ab9239d sp=0x00000029223fe068 mode 2
Event: 0.487 Thread 0x0000013723200260 DEOPT PACKING pc=0x000001372b0f7268 sp=0x00000029223fd490
Event: 0.488 Thread 0x0000013723200260 DEOPT UNPACKING pc=0x000001372ab92b24 sp=0x00000029223fc920 mode 0

Classes loaded (20 events):
Event: 0.482 Loading class java/util/LinkedHashMap$LinkedKeyIterator
Event: 0.482 Loading class java/util/LinkedHashMap$LinkedKeyIterator done
Event: 0.519 Loading class java/nio/charset/CharacterCodingException
Event: 0.519 Loading class java/nio/charset/CharacterCodingException done
Event: 0.526 Loading class sun/nio/cs/UTF_8$Encoder
Event: 0.526 Loading class sun/nio/cs/UTF_8$Encoder done
Event: 0.528 Loading class jdk/internal/loader/URLClassPath$FileLoader$1
Event: 0.528 Loading class jdk/internal/loader/URLClassPath$FileLoader$1 done
Event: 0.533 Loading class java/net/URISyntaxException
Event: 0.533 Loading class java/net/URISyntaxException done
Event: 0.546 Loading class java/util/stream/MatchOps$MatchKind
Event: 0.546 Loading class java/util/stream/MatchOps$MatchKind done
Event: 0.546 Loading class java/util/stream/MatchOps
Event: 0.546 Loading class java/util/stream/MatchOps done
Event: 0.546 Loading class java/util/stream/MatchOps$MatchOp
Event: 0.546 Loading class java/util/stream/MatchOps$MatchOp done
Event: 0.546 Loading class java/util/stream/MatchOps$BooleanTerminalSink
Event: 0.546 Loading class java/util/stream/MatchOps$BooleanTerminalSink done
Event: 0.547 Loading class java/util/stream/MatchOps$1MatchSink
Event: 0.547 Loading class java/util/stream/MatchOps$1MatchSink done

Classes unloaded (0 events):
No events

Classes redefined (0 events):
No events

Internal exceptions (10 events):
Event: 0.118 Thread 0x0000013723200260 Exception <a 'java/lang/NoSuchMethodError'{0x000000076dbfb860}: 'java.lang.Object java.lang.invoke.DirectMethodHandle$Holder.invokeStaticInit(java.lang.Object)'> (0x000000076dbfb860) 
thrown [s\open\src\hotspot\share\interpreter\linkResolver.cpp, line 759]
Event: 0.149 Thread 0x0000013723200260 Exception <a 'java/lang/NoSuchMethodError'{0x000000076d836418}: 'int java.lang.invoke.DirectMethodHandle$Holder.invokeSpecial(java.lang.Object, java.lang.Object, java.lang.Object)'> (0x000000076d836418) 
thrown [s\open\src\hotspot\share\interpreter\linkResolver.cpp, line 759]
Event: 0.257 Thread 0x00000137461fc400 Exception <a 'java/lang/NoSuchMethodError'{0x000000076d635f38}: 'void java.lang.invoke.DirectMethodHandle$Holder.invokeStatic(java.lang.Object, long)'> (0x000000076d635f38) 
thrown [s\open\src\hotspot\share\interpreter\linkResolver.cpp, line 759]
Event: 0.259 Thread 0x00000137461fc400 Exception <a 'java/lang/NoSuchMethodError'{0x000000076d63b628}: 'java.lang.Object java.lang.invoke.DirectMethodHandle$Holder.newInvokeSpecial(java.lang.Object, long)'> (0x000000076d63b628) 
thrown [s\open\src\hotspot\share\interpreter\linkResolver.cpp, line 759]
Event: 0.262 Thread 0x00000137461fc400 Exception <a 'java/lang/NoSuchMethodError'{0x000000076d685318}: 'java.lang.Object java.lang.invoke.DirectMethodHandle$Holder.invokeStaticInit(java.lang.Object, java.lang.Object, long, java.lang.Object)'> (0x000000076d685318) 
thrown [s\open\src\hotspot\share\interpreter\linkResolver.cpp, line 759]
Event: 0.263 Thread 0x00000137461fc400 Exception <a 'java/lang/NoSuchMethodError'{0x000000076d68b9d8}: 'java.lang.Object java.lang.invoke.DirectMethodHandle$Holder.newInvokeSpecial(java.lang.Object, java.lang.Object, long)'> (0x000000076d68b9d8) 
thrown [s\open\src\hotspot\share\interpreter\linkResolver.cpp, line 759]
Event: 0.264 Thread 0x00000137461fc400 Exception <a 'java/lang/NoSuchMethodError'{0x000000076d68fcd8}: 'java.lang.Object java.lang.invoke.Invokers$Holder.linkToTargetMethod(java.lang.Object, long, java.lang.Object)'> (0x000000076d68fcd8) 
thrown [s\open\src\hotspot\share\interpreter\linkResolver.cpp, line 759]
Event: 0.506 Thread 0x0000013723200260 Exception <a 'java/lang/NoSuchMethodError'{0x000000076d122dd0}: 'void java.lang.invoke.DirectMethodHandle$Holder.invokeStatic(java.lang.Object, java.lang.Object, java.lang.Object)'> (0x000000076d122dd0) 
thrown [s\open\src\hotspot\share\interpreter\linkResolver.cpp, line 759]
Event: 0.536 Thread 0x0000013723200260 Exception <a 'java/lang/NoSuchMethodError'{0x000000076d1c97d8}: 'void java.lang.invoke.DirectMethodHandle$Holder.invokeSpecial(java.lang.Object, java.lang.Object, java.lang.Object)'> (0x000000076d1c97d8) 
thrown [s\open\src\hotspot\share\interpreter\linkResolver.cpp, line 759]
Event: 0.545 Thread 0x0000013723200260 Exception <a 'java/lang/NoSuchMethodError'{0x000000076d1f5498}: 'int java.lang.invoke.DirectMethodHandle$Holder.invokeVirtual(java.lang.Object, java.lang.Object)'> (0x000000076d1f5498) 
thrown [s\open\src\hotspot\share\interpreter\linkResolver.cpp, line 759]

VM Operations (10 events):
Event: 0.077 Executing VM operation: HandshakeAllThreads
Event: 0.077 Executing VM operation: HandshakeAllThreads done
Event: 0.244 Executing VM operation: HandshakeAllThreads
Event: 0.244 Executing VM operation: HandshakeAllThreads done
Event: 0.480 Executing VM operation: HandshakeAllThreads
Event: 0.480 Executing VM operation: HandshakeAllThreads done
Event: 0.528 Executing VM operation: HandshakeAllThreads
Event: 0.528 Executing VM operation: HandshakeAllThreads done
Event: 0.547 Executing VM operation: G1CollectForAllocation
Event: 0.559 Executing VM operation: G1CollectForAllocation done

Events (20 events):
Event: 0.023 Thread 0x00000137232bb120 Thread added: 0x00000137232bb120
Event: 0.038 Thread 0x0000013741c2efe0 Thread added: 0x0000013741c2efe0
Event: 0.038 Thread 0x0000013741c2f4a0 Thread added: 0x0000013741c2f4a0
Event: 0.038 Thread 0x0000013741c30d60 Thread added: 0x0000013741c30d60
Event: 0.038 Thread 0x0000013741c32180 Thread added: 0x0000013741c32180
Event: 0.038 Thread 0x0000013741c37b60 Thread added: 0x0000013741c37b60
Event: 0.038 Thread 0x0000013741c64590 Thread added: 0x0000013741c64590
Event: 0.039 Thread 0x0000013741c38060 Thread added: 0x0000013741c38060
Event: 0.062 Thread 0x000001374607d2a0 Thread added: 0x000001374607d2a0
Event: 0.064 Thread 0x0000013746086fd0 Thread added: 0x0000013746086fd0
Event: 0.070 Loaded shared library C:\Program Files\Java\jdk-18.0.2\bin\net.dll
Event: 0.072 Loaded shared library C:\Program Files\Java\jdk-18.0.2\bin\nio.dll
Event: 0.076 Loaded shared library C:\Program Files\Java\jdk-18.0.2\bin\zip.dll
Event: 0.106 Thread 0x00000137460cf5b0 Thread added: 0x00000137460cf5b0
Event: 0.128 Loaded shared library C:\Program Files\Java\jdk-18.0.2\bin\management.dll
Event: 0.134 Loaded shared library C:\Program Files\Java\jdk-18.0.2\bin\management_ext.dll
Event: 0.188 Loaded shared library C:\Program Files\Java\jdk-18.0.2\bin\jimage.dll
Event: 0.199 Thread 0x0000013746281160 Thread added: 0x0000013746281160
Event: 0.242 Thread 0x00000137461fc400 Thread added: 0x00000137461fc400
Event: 0.255 Loaded shared library C:\Program Files\Java\jdk-18.0.2\bin\verify.dll


Dynamic libraries:
0x00007ff7ef1b0000 - 0x00007ff7ef1c0000 	C:\Program Files\Java\jdk-18.0.2\bin\java.exe
0x00007ffbecf50000 - 0x00007ffbed148000 	C:\WINDOWS\SYSTEM32\ntdll.dll
0x00007ffbeb940000 - 0x00007ffbeb9fd000 	C:\WINDOWS\System32\KERNEL32.DLL
0x00007ffbea990000 - 0x00007ffbeac5e000 	C:\WINDOWS\System32\KERNELBASE.dll
0x00007ffbeae70000 - 0x00007ffbeaf70000 	C:\WINDOWS\System32\ucrtbase.dll
0x00007ffba2550000 - 0x00007ffba256a000 	C:\Program Files\Java\jdk-18.0.2\bin\VCRUNTIME140.dll
0x00007ffba2530000 - 0x00007ffba2548000 	C:\Program Files\Java\jdk-18.0.2\bin\jli.dll
0x00007ffbec3b0000 - 0x00007ffbec45e000 	C:\WINDOWS\System32\ADVAPI32.dll
0x00007ffbebdf0000 - 0x00007ffbebe8e000 	C:\WINDOWS\System32\msvcrt.dll
0x00007ffbeb070000 - 0x00007ffbeb10c000 	C:\WINDOWS\System32\sechost.dll
0x00007ffbeba70000 - 0x00007ffbebb95000 	C:\WINDOWS\System32\RPCRT4.dll
0x00007ffbec0b0000 - 0x00007ffbec250000 	C:\WINDOWS\System32\USER32.dll
0x00007ffbea720000 - 0x00007ffbea742000 	C:\WINDOWS\System32\win32u.dll
0x00007ffbeb8b0000 - 0x00007ffbeb8da000 	C:\WINDOWS\System32\GDI32.dll
0x00007ffbeac60000 - 0x00007ffbead6b000 	C:\WINDOWS\System32\gdi32full.dll
0x00007ffbeaf70000 - 0x00007ffbeb00d000 	C:\WINDOWS\System32\msvcp_win.dll
0x00007ffbdb8c0000 - 0x00007ffbdbb5a000 	C:\WINDOWS\WinSxS\amd64_microsoft.windows.common-controls_6595b64144ccf1df_6.0.19041.1110_none_60b5254171f9507e\COMCTL32.dll
0x00007ffbe2600000 - 0x00007ffbe260a000 	C:\WINDOWS\SYSTEM32\VERSION.dll
0x00007ffbec080000 - 0x00007ffbec0b0000 	C:\WINDOWS\System32\IMM32.DLL
0x00007ffbcef70000 - 0x00007ffbcef7c000 	C:\Program Files\Java\jdk-18.0.2\bin\vcruntime140_1.dll
0x00007ffba24a0000 - 0x00007ffba252d000 	C:\Program Files\Java\jdk-18.0.2\bin\msvcp140.dll
0x00007ffb9f5c0000 - 0x00007ffba01d1000 	C:\Program Files\Java\jdk-18.0.2\bin\server\jvm.dll
0x00007ffbeb110000 - 0x00007ffbeb118000 	C:\WINDOWS\System32\PSAPI.DLL
0x00007ffbe3010000 - 0x00007ffbe3019000 	C:\WINDOWS\SYSTEM32\WSOCK32.dll
0x00007ffbd4a90000 - 0x00007ffbd4ab7000 	C:\WINDOWS\SYSTEM32\WINMM.dll
0x00007ffbeba00000 - 0x00007ffbeba6b000 	C:\WINDOWS\System32\WS2_32.dll
0x00007ffbe8fb0000 - 0x00007ffbe8fc2000 	C:\WINDOWS\SYSTEM32\kernel.appcore.dll
0x00007ffbb9d00000 - 0x00007ffbb9d0a000 	C:\Program Files\Java\jdk-18.0.2\bin\jimage.dll
0x00007ffbe8bf0000 - 0x00007ffbe8dd4000 	C:\WINDOWS\SYSTEM32\DBGHELP.DLL
0x00007ffbd9da0000 - 0x00007ffbd9dcc000 	C:\WINDOWS\SYSTEM32\dbgcore.DLL
0x00007ffbeade0000 - 0x00007ffbeae62000 	C:\WINDOWS\System32\bcryptPrimitives.dll
0x00007ffba2470000 - 0x00007ffba2495000 	C:\Program Files\Java\jdk-18.0.2\bin\java.dll
0x00007ffba2390000 - 0x00007ffba2466000 	C:\Program Files\Java\jdk-18.0.2\bin\jsvml.dll
0x00007ffbec460000 - 0x00007ffbecba4000 	C:\WINDOWS\System32\SHELL32.dll
0x00007ffbe8450000 - 0x00007ffbe8be4000 	C:\WINDOWS\SYSTEM32\windows.storage.dll
0x00007ffbecbb0000 - 0x00007ffbecf04000 	C:\WINDOWS\System32\combase.dll
0x00007ffbea130000 - 0x00007ffbea160000 	C:\WINDOWS\SYSTEM32\Wldp.dll
0x00007ffbebfd0000 - 0x00007ffbec07d000 	C:\WINDOWS\System32\SHCORE.dll
0x00007ffbeb010000 - 0x00007ffbeb065000 	C:\WINDOWS\System32\shlwapi.dll
0x00007ffbea610000 - 0x00007ffbea62f000 	C:\WINDOWS\SYSTEM32\profapi.dll
0x00007ffba2370000 - 0x00007ffba2383000 	C:\Program Files\Java\jdk-18.0.2\bin\net.dll
0x00007ffbe3930000 - 0x00007ffbe3a3a000 	C:\WINDOWS\SYSTEM32\WINHTTP.dll
0x00007ffbe9e10000 - 0x00007ffbe9e7a000 	C:\WINDOWS\system32\mswsock.dll
0x00007ffba2350000 - 0x00007ffba2366000 	C:\Program Files\Java\jdk-18.0.2\bin\nio.dll
0x00007ffba2330000 - 0x00007ffba2348000 	C:\Program Files\Java\jdk-18.0.2\bin\zip.dll
0x00007ffb9e040000 - 0x00007ffb9e049000 	C:\Program Files\Java\jdk-18.0.2\bin\management.dll
0x00007ffb9e030000 - 0x00007ffb9e03b000 	C:\Program Files\Java\jdk-18.0.2\bin\management_ext.dll
0x00007ffba2320000 - 0x00007ffba2330000 	C:\Program Files\Java\jdk-18.0.2\bin\verify.dll

dbghelp: loaded successfully - version: 4.0.5 - missing functions: none
symbol engine: initialized successfully - sym options: 0x614 - pdb path: .;C:\Program Files\Java\jdk-18.0.2\bin;C:\WINDOWS\SYSTEM32;C:\WINDOWS\WinSxS\amd64_microsoft.windows.common-controls_6595b64144ccf1df_6.0.19041.1110_none_60b5254171f9507e;C:\Program Files\Java\jdk-18.0.2\bin\server

VM Arguments:
java_command: C:\Users\CnC-pc\AppData\Local\Temp\surefire1764473033571348255\surefirebooter8245265819825788561.jar C:\Users\CnC-pc\AppData\Local\Temp\surefire1764473033571348255 2022-08-31T06-09-44_929-jvmRun1 surefire17065618962521835448tmp surefire_013243152424897653962tmp
java_class_path (initial): C:\Users\CnC-pc\AppData\Local\Temp\surefire1764473033571348255\surefirebooter8245265819825788561.jar
Launcher Type: SUN_STANDARD

[Global flags]
     intx CICompilerCount                          = 3                                         {product} {ergonomic}
     uint ConcGCThreads                            = 1                                         {product} {ergonomic}
     uint G1ConcRefinementThreads                  = 4                                         {product} {ergonomic}
   size_t G1HeapRegionSize                         = 2097152                                   {product} {ergonomic}
    uintx GCDrainStackTargetSize                   = 64                                        {product} {ergonomic}
   size_t InitialHeapSize                          = 163577856                                 {product} {ergonomic}
   size_t MarkStackSize                            = 4194304                                   {product} {ergonomic}
   size_t MaxHeapSize                              = 2617245696                                {product} {ergonomic}
   size_t MaxNewSize                               = 1568669696                                {product} {ergonomic}
   size_t MinHeapDeltaBytes                        = 2097152                                   {product} {ergonomic}
   size_t MinHeapSize                              = 8388608                                   {product} {ergonomic}
    uintx NonNMethodCodeHeapSize                   = 5832780                                {pd product} {ergonomic}
    uintx NonProfiledCodeHeapSize                  = 122912730                              {pd product} {ergonomic}
    uintx ProfiledCodeHeapSize                     = 122912730                              {pd product} {ergonomic}
    uintx ReservedCodeCacheSize                    = 251658240                              {pd product} {ergonomic}
     bool SegmentedCodeCache                       = true                                      {product} {ergonomic}
   size_t SoftMaxHeapSize                          = 2617245696                             {manageable} {ergonomic}
     bool UseCompressedClassPointers               = true                           {product lp64_product} {ergonomic}
     bool UseCompressedOops                        = true                           {product lp64_product} {ergonomic}
     bool UseG1GC                                  = true                                      {product} {ergonomic}
     bool UseLargePagesIndividualAllocation        = false                                  {pd product} {ergonomic}

Logging:
Log output configuration:
 #0: stdout all=warning uptime,level,tags foldmultilines=false
 #1: stderr all=off uptime,level,tags foldmultilines=false

Environment Variables:
JAVA_HOME=C:\Program Files\Java\jdk-18.0.2
PATH=C:\Program Files\Common Files\Oracle\Java\javapath;C:\WINDOWS\system32;C:\WINDOWS;C:\WINDOWS\System32\Wbem;C:\WINDOWS\System32\WindowsPowerShell\v1.0\;C:\Program Files\PuTTY\;C:\WINDOWS\System32\OpenSSH\;C:\Program Files\apache-maven-3.8.6-bin\apache-maven-3.8.6\bin;C:\Program Files\Git\cmd;C:\Program Files\nodejs\;C:\Users\CnC-pc\AppData\Local\Microsoft\WindowsApps;;C:\Users\CnC-pc\AppData\Local\Programs\Microsoft VS Code\bin;C:\Program Files\JetBrains\IntelliJ IDEA Community Edition 2022.2.1\bin;;C:\Users\CnC-pc\AppData\Roaming\npm
USERNAME=CnC-pc
OS=Windows_NT
PROCESSOR_IDENTIFIER=AMD64 Family 16 Model 4 Stepping 3, AuthenticAMD



---------------  S Y S T E M  ---------------

OS:
 Windows 10 , 64 bit Build 19041 (10.0.19041.1889)
OS uptime: 0 days 0:35 hours

CPU: total 4 (initial active 4) (4 cores per cpu, 1 threads per core) family 16 model 4 stepping 3 microcode 0x0, cx8, cmov, fxsr, mmx, 3dnowpref, sse, sse2, sse3, sse4a, popcnt, lzcnt, tsc, tscinvbit, clflush

Memory: 4k page, system-wide physical 9983M (5008M free)
TotalPageFile size 11519M (AvailPageFile size 5265M)
current process WorkingSet (physical memory assigned to process): 63M, peak: 63M
current process commit charge ("private bytes"): 242M, peak: 243M

vm_info: Java HotSpot(TM) 64-Bit Server VM (18.0.2+9-61) for windows-amd64 JRE (18.0.2+9-61), built on Jun  7 2022 13:09:01 by "mach5one" with MS VC++ 16.8 / 16.9 (VS2019)

END.
